Using pre-set license
Built from '2020.3/staging' branch; Version is '2020.3.26f1 (7298b473bc1a) revision 7510196'; Using compiler version '192528614'; Build Type 'Release'
OS: 'Windows 10  (10.0.19042) 64bit Professional' Language: 'en' Physical Memory: 16122 MB
BatchMode: 1, IsHumanControllingUs: 0, StartBugReporterOnCrash: 0, Is64bit: 1, IsPro: 0

COMMAND LINE ARGUMENTS:
C:\Program Files\Unity\Hub\Editor\2020.3.26f1\Editor\Unity.exe
-adb2
-batchMode
-noUpm
-name
AssetImportWorker0
-projectPath
C:/Users/Anusha.Medichelmi/GoHome
-logFile
Logs/AssetImportWorker0.log
-srvPort
58500
Successfully changed project path to: C:/Users/Anusha.Medichelmi/GoHome
C:/Users/Anusha.Medichelmi/GoHome
Using Asset Import Pipeline V2.
Refreshing native plugins compatible for Editor in 47.34 ms, found 2 plugins.
Preloading 0 native plugins for Editor in 0.00 ms.
Initialize engine version: 2020.3.26f1 (7298b473bc1a)
[Subsystems] Discovering subsystems at path C:/Program Files/Unity/Hub/Editor/2020.3.26f1/Editor/Data/Resources/UnitySubsystems
[Subsystems] Discovering subsystems at path C:/Users/Anusha.Medichelmi/GoHome/Assets
GfxDevice: creating device client; threaded=0
Direct3D:
    Version:  Direct3D 11.0 [level 11.1]
    Renderer: Intel(R) Iris(R) Xe Graphics (ID=0x9a49)
    Vendor:   
    VRAM:     8061 MB
    Driver:   27.20.100.9749
Initialize mono
Mono path[0] = 'C:/Program Files/Unity/Hub/Editor/2020.3.26f1/Editor/Data/Managed'
Mono path[1] = 'C:/Program Files/Unity/Hub/Editor/2020.3.26f1/Editor/Data/MonoBleedingEdge/lib/mono/unityjit'
Mono config path = 'C:/Program Files/Unity/Hub/Editor/2020.3.26f1/Editor/Data/MonoBleedingEdge/etc'
Using monoOptions --debugger-agent=transport=dt_socket,embedding=1,server=y,suspend=n,address=127.0.0.1:56532
Begin MonoManager ReloadAssembly
Registering precompiled unity dll's ...
Register platform support module: C:/Program Files/Unity/Hub/Editor/2020.3.26f1/Editor/Data/PlaybackEngines/WindowsStandaloneSupport/UnityEditor.WindowsStandalone.Extensions.dll
Registered in 0.002829 seconds.
Native extension for WindowsStandalone target not found
Refreshing native plugins compatible for Editor in 44.53 ms, found 2 plugins.
Preloading 0 native plugins for Editor in 0.00 ms.
Mono: successfully reloaded assembly
- Completed reload, in  0.831 seconds
Domain Reload Profiling:
	ReloadAssembly (832ms)
		BeginReloadAssembly (121ms)
			ExecutionOrderSort (0ms)
			DisableScriptedObjects (0ms)
			BackupInstance (0ms)
			ReleaseScriptingObjects (0ms)
			CreateAndSetChildDomain (1ms)
		EndReloadAssembly (617ms)
			LoadAssemblies (119ms)
			RebuildTransferFunctionScriptingTraits (0ms)
			SetupTypeCache (200ms)
			ReleaseScriptCaches (0ms)
			RebuildScriptCaches (45ms)
			SetupLoadedEditorAssemblies (203ms)
				LogAssemblyErrors (0ms)
				InitializePlatformSupportModulesInManaged (7ms)
				SetLoadedEditorAssemblies (0ms)
				RefreshPlugins (45ms)
				BeforeProcessingInitializeOnLoad (23ms)
				ProcessInitializeOnLoadAttributes (94ms)
				ProcessInitializeOnLoadMethodAttributes (34ms)
				AfterProcessingInitializeOnLoad (0ms)
				EditorAssembliesLoaded (0ms)
			ExecutionOrderSort2 (0ms)
			AwakeInstancesAfterBackupRestoration (0ms)
Platform modules already initialized, skipping
Registering precompiled user dll's ...
Registered in 0.011602 seconds.
Begin MonoManager ReloadAssembly
Native extension for WindowsStandalone target not found
Refreshing native plugins compatible for Editor in 0.47 ms, found 2 plugins.
Preloading 0 native plugins for Editor in 0.00 ms.
Mono: successfully reloaded assembly
- Completed reload, in  1.747 seconds
Domain Reload Profiling:
	ReloadAssembly (1758ms)
		BeginReloadAssembly (489ms)
			ExecutionOrderSort (0ms)
			DisableScriptedObjects (38ms)
			BackupInstance (0ms)
			ReleaseScriptingObjects (0ms)
			CreateAndSetChildDomain (24ms)
		EndReloadAssembly (1173ms)
			LoadAssemblies (172ms)
			RebuildTransferFunctionScriptingTraits (0ms)
			SetupTypeCache (446ms)
			ReleaseScriptCaches (0ms)
			RebuildScriptCaches (51ms)
			SetupLoadedEditorAssemblies (418ms)
				LogAssemblyErrors (0ms)
				InitializePlatformSupportModulesInManaged (5ms)
				SetLoadedEditorAssemblies (1ms)
				RefreshPlugins (1ms)
				BeforeProcessingInitializeOnLoad (111ms)
				ProcessInitializeOnLoadAttributes (258ms)
				ProcessInitializeOnLoadMethodAttributes (30ms)
				AfterProcessingInitializeOnLoad (11ms)
				EditorAssembliesLoaded (1ms)
			ExecutionOrderSort2 (0ms)
			AwakeInstancesAfterBackupRestoration (12ms)
Platform modules already initialized, skipping
========================================================================
Worker process is ready to serve import requests
Launched and connected shader compiler UnityShaderCompiler.exe after 0.36 seconds
Refreshing native plugins compatible for Editor in 0.49 ms, found 2 plugins.
Preloading 0 native plugins for Editor in 0.00 ms.
Unloading 1504 Unused Serialized files (Serialized files now loaded: 0)
System memory in use before: 67.5 MB.
System memory in use after: 67.6 MB.

Unloading 19 unused Assets to reduce memory usage. Loaded Objects now: 1936.
Total: 2.599500 ms (FindLiveObjects: 0.117300 ms CreateObjectMapping: 0.034200 ms MarkObjects: 2.355000 ms  DeleteObjects: 0.090900 ms)

AssetImportParameters requested are different than current active one (requested -> active):
  custom:framework-win-MediaFoundation: 216162199b28c13a410421893ffa2e32 -> 
  custom:video-decoder-ogg-theora: a1e56fd34408186e4bbccfd4996cb3dc -> 
  custom:container-muxer-webm: aa71ff27fc2769a1b78a27578f13a17b -> 
  custom:container-demuxer-webm: 4f35f7cbe854078d1ac9338744f61a02 -> 
  custom:container-demuxer-ogg: 62fdf1f143b41e24485cea50d1cbac27 -> 
  custom:video-encoder-webm-vp8: eb34c28f22e8b96e1ab97ce403110664 -> 
  custom:video-codec-MediaFoundation-h265: 746d11721c4dcdbdad8f713fa42b33f4 -> 
  custom:video-decoder-webm-vp8: 9c59270c3fd7afecdb556c50c9e8de78 -> 
  custom:audio-decoder-ogg-vorbis: bf7c407c2cedff20999df2af8eb42d56 -> 
  custom:audio-encoder-webm-vorbis: bf7c407c2cedff20999df2af8eb42d56 -> 
========================================================================
Received Import Request.
  path: Assets/GoHomeDesignDocument.cs
  artifactKey: Guid(9543ecd706954114b9227b9877adad08) Importer(815301076,1909f56bfc062723c751e8b465ee728b)
Start importing Assets/GoHomeDesignDocument.cs using Guid(9543ecd706954114b9227b9877adad08) Importer(815301076,1909f56bfc062723c751e8b465ee728b)  -> (artifact id: 'ad9aeaac2365d276bb77247e0edb4c7e') in 0.056408 seconds 
  Import took 0.059723 seconds .

========================================================================
Received Import Request.
  Time since last request: 163.181168 seconds.
  path: Assets/GoHomeDesignDocument.cs
  artifactKey: Guid(9543ecd706954114b9227b9877adad08) Importer(815301076,1909f56bfc062723c751e8b465ee728b)
Start importing Assets/GoHomeDesignDocument.cs using Guid(9543ecd706954114b9227b9877adad08) Importer(815301076,1909f56bfc062723c751e8b465ee728b)  -> (artifact id: 'bb6fb2acc11ad15d56e3e0d33edf0c1d') in 0.005364 seconds 
  Import took 0.008611 seconds .

========================================================================
Received Import Request.
  Time since last request: 109.752224 seconds.
  path: Assets/GoHomeDesignDocument.cs
  artifactKey: Guid(9543ecd706954114b9227b9877adad08) Importer(815301076,1909f56bfc062723c751e8b465ee728b)
Start importing Assets/GoHomeDesignDocument.cs using Guid(9543ecd706954114b9227b9877adad08) Importer(815301076,1909f56bfc062723c751e8b465ee728b)  -> (artifact id: '3bfa5ecf7a5d139591c99ed85dac2d5b') in 0.008303 seconds 
  Import took 0.015138 seconds .

========================================================================
Received Import Request.
  Time since last request: 29.188540 seconds.
  path: Assets/GoHomeDesignDocument.cs
  artifactKey: Guid(9543ecd706954114b9227b9877adad08) Importer(815301076,1909f56bfc062723c751e8b465ee728b)
Start importing Assets/GoHomeDesignDocument.cs using Guid(9543ecd706954114b9227b9877adad08) Importer(815301076,1909f56bfc062723c751e8b465ee728b)  -> (artifact id: '7bbc4bf910e92e14dd863d8f2a4f4998') in 0.007648 seconds 
  Import took 0.010795 seconds .

========================================================================
Received Import Request.
  Time since last request: 22.205385 seconds.
  path: Assets/GoHomeDesignDocument.cs
  artifactKey: Guid(9543ecd706954114b9227b9877adad08) Importer(815301076,1909f56bfc062723c751e8b465ee728b)
Start importing Assets/GoHomeDesignDocument.cs using Guid(9543ecd706954114b9227b9877adad08) Importer(815301076,1909f56bfc062723c751e8b465ee728b)  -> (artifact id: '91686e25c3d7879aec1cbc19732ce6eb') in 0.017940 seconds 
  Import took 0.020266 seconds .

========================================================================
Received Import Request.
  Time since last request: 259.813222 seconds.
  path: Assets/GoHomeDesignDocument.cs
  artifactKey: Guid(9543ecd706954114b9227b9877adad08) Importer(815301076,1909f56bfc062723c751e8b465ee728b)
Start importing Assets/GoHomeDesignDocument.cs using Guid(9543ecd706954114b9227b9877adad08) Importer(815301076,1909f56bfc062723c751e8b465ee728b)  -> (artifact id: 'd86597f2ec07d00a2bbe48db99647e8a') in 0.008835 seconds 
  Import took 0.018642 seconds .

========================================================================
Received Import Request.
  Time since last request: 118.543115 seconds.
  path: Assets/GoHomeDesignDocument.cs
  artifactKey: Guid(9543ecd706954114b9227b9877adad08) Importer(815301076,1909f56bfc062723c751e8b465ee728b)
Start importing Assets/GoHomeDesignDocument.cs using Guid(9543ecd706954114b9227b9877adad08) Importer(815301076,1909f56bfc062723c751e8b465ee728b)  -> (artifact id: 'cb34aeb97fbf8255b8cc5ecd5f20f842') in 0.008969 seconds 
  Import took 0.030341 seconds .

========================================================================
Received Import Request.
  Time since last request: 23.034247 seconds.
  path: Assets/GoHomeDesignDocument.cs
  artifactKey: Guid(9543ecd706954114b9227b9877adad08) Importer(815301076,1909f56bfc062723c751e8b465ee728b)
Start importing Assets/GoHomeDesignDocument.cs using Guid(9543ecd706954114b9227b9877adad08) Importer(815301076,1909f56bfc062723c751e8b465ee728b)  -> (artifact id: '8df665090c2c5b5a4fdbc1e2a4f8b07c') in 0.007576 seconds 
  Import took 0.011902 seconds .

========================================================================
Received Import Request.
  Time since last request: 16.943225 seconds.
  path: Assets/GoHomeDesignDocument.cs
  artifactKey: Guid(9543ecd706954114b9227b9877adad08) Importer(815301076,1909f56bfc062723c751e8b465ee728b)
Start importing Assets/GoHomeDesignDocument.cs using Guid(9543ecd706954114b9227b9877adad08) Importer(815301076,1909f56bfc062723c751e8b465ee728b)  -> (artifact id: 'bda483fa8ad4c47a86fa6afeec70b6c1') in 0.006343 seconds 
  Import took 0.010510 seconds .

========================================================================
Received Import Request.
  Time since last request: 18.326636 seconds.
  path: Assets/GoHomeDesignDocument.cs
  artifactKey: Guid(9543ecd706954114b9227b9877adad08) Importer(815301076,1909f56bfc062723c751e8b465ee728b)
Start importing Assets/GoHomeDesignDocument.cs using Guid(9543ecd706954114b9227b9877adad08) Importer(815301076,1909f56bfc062723c751e8b465ee728b)  -> (artifact id: 'e5f818f76a5c7efb209f0c63e4410717') in 0.009932 seconds 
  Import took 0.016403 seconds .

========================================================================
Received Import Request.
  Time since last request: 15.779739 seconds.
  path: Assets/GoHomeDesignDocument.cs
  artifactKey: Guid(9543ecd706954114b9227b9877adad08) Importer(815301076,1909f56bfc062723c751e8b465ee728b)
Start importing Assets/GoHomeDesignDocument.cs using Guid(9543ecd706954114b9227b9877adad08) Importer(815301076,1909f56bfc062723c751e8b465ee728b)  -> (artifact id: '91f8c07d6612c0457d9daa3c5008bf0e') in 0.009905 seconds 
  Import took 0.015242 seconds .

========================================================================
Received Import Request.
  Time since last request: 23.110964 seconds.
  path: Assets/GoHomeDesignDocument.cs
  artifactKey: Guid(9543ecd706954114b9227b9877adad08) Importer(815301076,1909f56bfc062723c751e8b465ee728b)
Start importing Assets/GoHomeDesignDocument.cs using Guid(9543ecd706954114b9227b9877adad08) Importer(815301076,1909f56bfc062723c751e8b465ee728b)  -> (artifact id: '119201fbbc01c48d709e341edf7ee67c') in 0.009784 seconds 
  Import took 0.014555 seconds .

========================================================================
Received Import Request.
  Time since last request: 115.816017 seconds.
  path: Assets/GoHomeDesignDocument.cs
  artifactKey: Guid(9543ecd706954114b9227b9877adad08) Importer(815301076,1909f56bfc062723c751e8b465ee728b)
Start importing Assets/GoHomeDesignDocument.cs using Guid(9543ecd706954114b9227b9877adad08) Importer(815301076,1909f56bfc062723c751e8b465ee728b)  -> (artifact id: 'a833915ffcecf334004b0de0af20e8be') in 0.008458 seconds 
  Import took 0.011725 seconds .

========================================================================
Received Import Request.
  Time since last request: 26.252980 seconds.
  path: Assets/GoHomeDesignDocument.cs
  artifactKey: Guid(9543ecd706954114b9227b9877adad08) Importer(815301076,1909f56bfc062723c751e8b465ee728b)
Start importing Assets/GoHomeDesignDocument.cs using Guid(9543ecd706954114b9227b9877adad08) Importer(815301076,1909f56bfc062723c751e8b465ee728b)  -> (artifact id: '9375875bde7fd5d0d1b078c4ad577b0b') in 0.008040 seconds 
  Import took 0.012471 seconds .

========================================================================
Received Import Request.
  Time since last request: 70.346793 seconds.
  path: Assets/GoHomeDesignDocument.cs
  artifactKey: Guid(9543ecd706954114b9227b9877adad08) Importer(815301076,1909f56bfc062723c751e8b465ee728b)
Start importing Assets/GoHomeDesignDocument.cs using Guid(9543ecd706954114b9227b9877adad08) Importer(815301076,1909f56bfc062723c751e8b465ee728b)  -> (artifact id: '60d2aeac88e1d328e39e96e2ceeee68f') in 0.009683 seconds 
  Import took 0.014454 seconds .

========================================================================
Received Import Request.
  Time since last request: 150.420870 seconds.
  path: Assets/GoHomeDesignDocument.cs
  artifactKey: Guid(9543ecd706954114b9227b9877adad08) Importer(815301076,1909f56bfc062723c751e8b465ee728b)
Start importing Assets/GoHomeDesignDocument.cs using Guid(9543ecd706954114b9227b9877adad08) Importer(815301076,1909f56bfc062723c751e8b465ee728b)  -> (artifact id: 'd3c02db988fbae3f3371b920580666df') in 0.006570 seconds 
  Import took 0.010915 seconds .

========================================================================
Received Import Request.
  Time since last request: 25.323294 seconds.
  path: Assets/GoHomeDesignDocument.cs
  artifactKey: Guid(9543ecd706954114b9227b9877adad08) Importer(815301076,1909f56bfc062723c751e8b465ee728b)
Start importing Assets/GoHomeDesignDocument.cs using Guid(9543ecd706954114b9227b9877adad08) Importer(815301076,1909f56bfc062723c751e8b465ee728b)  -> (artifact id: '32bb927ed92b470384200ebe8b168852') in 0.007823 seconds 
  Import took 0.012405 seconds .

========================================================================
Received Import Request.
  Time since last request: 38.878264 seconds.
  path: Assets/GoHomeDesignDocument.cs
  artifactKey: Guid(9543ecd706954114b9227b9877adad08) Importer(815301076,1909f56bfc062723c751e8b465ee728b)
Start importing Assets/GoHomeDesignDocument.cs using Guid(9543ecd706954114b9227b9877adad08) Importer(815301076,1909f56bfc062723c751e8b465ee728b)  -> (artifact id: '93af59e4bcd091b013b14cec46636bee') in 0.006388 seconds 
  Import took 0.008544 seconds .

========================================================================
Received Import Request.
  Time since last request: 25.278155 seconds.
  path: Assets/GoHomeDesignDocument.cs
  artifactKey: Guid(9543ecd706954114b9227b9877adad08) Importer(815301076,1909f56bfc062723c751e8b465ee728b)
Start importing Assets/GoHomeDesignDocument.cs using Guid(9543ecd706954114b9227b9877adad08) Importer(815301076,1909f56bfc062723c751e8b465ee728b)  -> (artifact id: 'f5b725bb1da1e69aa8277928321389a0') in 0.007911 seconds 
  Import took 0.013495 seconds .

========================================================================
Received Import Request.
  Time since last request: 34.530231 seconds.
  path: Assets/GoHomeDesignDocument.cs
  artifactKey: Guid(9543ecd706954114b9227b9877adad08) Importer(815301076,1909f56bfc062723c751e8b465ee728b)
Start importing Assets/GoHomeDesignDocument.cs using Guid(9543ecd706954114b9227b9877adad08) Importer(815301076,1909f56bfc062723c751e8b465ee728b)  -> (artifact id: '3113efa15378e6ad794a7068df154ab7') in 0.010167 seconds 
  Import took 0.017502 seconds .

========================================================================
Received Import Request.
  Time since last request: 23.680651 seconds.
  path: Assets/GoHomeDesignDocument.cs
  artifactKey: Guid(9543ecd706954114b9227b9877adad08) Importer(815301076,1909f56bfc062723c751e8b465ee728b)
Start importing Assets/GoHomeDesignDocument.cs using Guid(9543ecd706954114b9227b9877adad08) Importer(815301076,1909f56bfc062723c751e8b465ee728b)  -> (artifact id: 'fde63aa89243416108aa664dd38aaac5') in 0.006953 seconds 
  Import took 0.013648 seconds .

========================================================================
Received Import Request.
  Time since last request: 52.948419 seconds.
  path: Assets/GoHomeDesignDocument.cs
  artifactKey: Guid(9543ecd706954114b9227b9877adad08) Importer(815301076,1909f56bfc062723c751e8b465ee728b)
Start importing Assets/GoHomeDesignDocument.cs using Guid(9543ecd706954114b9227b9877adad08) Importer(815301076,1909f56bfc062723c751e8b465ee728b)  -> (artifact id: '335f73a0b6836cb2b658c9581abaead9') in 0.009985 seconds 
  Import took 0.013636 seconds .

========================================================================
Received Import Request.
  Time since last request: 17.063240 seconds.
  path: Assets/GoHomeDesignDocument.cs
  artifactKey: Guid(9543ecd706954114b9227b9877adad08) Importer(815301076,1909f56bfc062723c751e8b465ee728b)
Start importing Assets/GoHomeDesignDocument.cs using Guid(9543ecd706954114b9227b9877adad08) Importer(815301076,1909f56bfc062723c751e8b465ee728b)  -> (artifact id: 'c7050afa0bbb6dc68e994661f76b5f72') in 0.006713 seconds 
  Import took 0.011340 seconds .

========================================================================
Received Import Request.
  Time since last request: 36.265375 seconds.
  path: Assets/GoHomeDesignDocument.cs
  artifactKey: Guid(9543ecd706954114b9227b9877adad08) Importer(815301076,1909f56bfc062723c751e8b465ee728b)
Start importing Assets/GoHomeDesignDocument.cs using Guid(9543ecd706954114b9227b9877adad08) Importer(815301076,1909f56bfc062723c751e8b465ee728b)  -> (artifact id: 'e5dcb2dfa30bc4feb9c9ac50ea0c4da7') in 0.008054 seconds 
  Import took 0.012942 seconds .

========================================================================
Received Import Request.
  Time since last request: 60.663291 seconds.
  path: Assets/GoHomeDesignDocument.cs
  artifactKey: Guid(9543ecd706954114b9227b9877adad08) Importer(815301076,1909f56bfc062723c751e8b465ee728b)
Start importing Assets/GoHomeDesignDocument.cs using Guid(9543ecd706954114b9227b9877adad08) Importer(815301076,1909f56bfc062723c751e8b465ee728b)  -> (artifact id: '3e92fb89b799c6a8e3fef02e786353ae') in 0.007866 seconds 
  Import took 0.010468 seconds .

========================================================================
Received Import Request.
  Time since last request: 43.030615 seconds.
  path: Assets/GoHomeDesignDocument.cs
  artifactKey: Guid(9543ecd706954114b9227b9877adad08) Importer(815301076,1909f56bfc062723c751e8b465ee728b)
Start importing Assets/GoHomeDesignDocument.cs using Guid(9543ecd706954114b9227b9877adad08) Importer(815301076,1909f56bfc062723c751e8b465ee728b)  -> (artifact id: 'd8762252a334f0eba5d06489defc68de') in 0.009044 seconds 
  Import took 0.013981 seconds .

========================================================================
Received Import Request.
  Time since last request: 21.291444 seconds.
  path: Assets/GoHomeDesignDocument.cs
  artifactKey: Guid(9543ecd706954114b9227b9877adad08) Importer(815301076,1909f56bfc062723c751e8b465ee728b)
Start importing Assets/GoHomeDesignDocument.cs using Guid(9543ecd706954114b9227b9877adad08) Importer(815301076,1909f56bfc062723c751e8b465ee728b)  -> (artifact id: 'ee93b6b964a6abddbabd22d9a4a040bd') in 0.010301 seconds 
  Import took 0.016361 seconds .

========================================================================
Received Import Request.
  Time since last request: 13.100398 seconds.
  path: Assets/GoHomeDesignDocument.cs
  artifactKey: Guid(9543ecd706954114b9227b9877adad08) Importer(815301076,1909f56bfc062723c751e8b465ee728b)
Start importing Assets/GoHomeDesignDocument.cs using Guid(9543ecd706954114b9227b9877adad08) Importer(815301076,1909f56bfc062723c751e8b465ee728b)  -> (artifact id: 'a74808e788be79a4f24dd30b64abe78e') in 0.008479 seconds 
  Import took 0.012703 seconds .

========================================================================
Received Import Request.
  Time since last request: 23.092738 seconds.
  path: Assets/GoHomeDesignDocument.cs
  artifactKey: Guid(9543ecd706954114b9227b9877adad08) Importer(815301076,1909f56bfc062723c751e8b465ee728b)
Start importing Assets/GoHomeDesignDocument.cs using Guid(9543ecd706954114b9227b9877adad08) Importer(815301076,1909f56bfc062723c751e8b465ee728b)  -> (artifact id: 'e6363c6c7e19a2094c2eaeac37fe826b') in 0.007540 seconds 
  Import took 0.010307 seconds .

========================================================================
Received Import Request.
  Time since last request: 31.802336 seconds.
  path: Assets/GoHomeDesignDocument.cs
  artifactKey: Guid(9543ecd706954114b9227b9877adad08) Importer(815301076,1909f56bfc062723c751e8b465ee728b)
Start importing Assets/GoHomeDesignDocument.cs using Guid(9543ecd706954114b9227b9877adad08) Importer(815301076,1909f56bfc062723c751e8b465ee728b)  -> (artifact id: 'f503025ab6d4fdb4d457101508d69d66') in 0.007279 seconds 
  Import took 0.010425 seconds .

========================================================================
Received Import Request.
  Time since last request: 11.682510 seconds.
  path: Assets/GoHomeDesignDocument.cs
  artifactKey: Guid(9543ecd706954114b9227b9877adad08) Importer(815301076,1909f56bfc062723c751e8b465ee728b)
Start importing Assets/GoHomeDesignDocument.cs using Guid(9543ecd706954114b9227b9877adad08) Importer(815301076,1909f56bfc062723c751e8b465ee728b)  -> (artifact id: '55463804e46d1a72af9ae13a7faf6f9a') in 0.006608 seconds 
  Import took 0.009792 seconds .

========================================================================
Received Import Request.
  Time since last request: 42.639454 seconds.
  path: Assets/GoHomeDesignDocument.cs
  artifactKey: Guid(9543ecd706954114b9227b9877adad08) Importer(815301076,1909f56bfc062723c751e8b465ee728b)
Start importing Assets/GoHomeDesignDocument.cs using Guid(9543ecd706954114b9227b9877adad08) Importer(815301076,1909f56bfc062723c751e8b465ee728b)  -> (artifact id: '8b8fa02aeb74747866dc0304f0dbd748') in 0.006764 seconds 
  Import took 0.010836 seconds .

========================================================================
Received Import Request.
  Time since last request: 72.795730 seconds.
  path: Assets/GoHomeDesignDocument.cs
  artifactKey: Guid(9543ecd706954114b9227b9877adad08) Importer(815301076,1909f56bfc062723c751e8b465ee728b)
Start importing Assets/GoHomeDesignDocument.cs using Guid(9543ecd706954114b9227b9877adad08) Importer(815301076,1909f56bfc062723c751e8b465ee728b)  -> (artifact id: 'b40ce0ee3632be6ea6260460c7b4ae90') in 0.009045 seconds 
  Import took 0.014355 seconds .

========================================================================
Received Import Request.
  Time since last request: 22.534166 seconds.
  path: Assets/GoHomeDesignDocument.cs
  artifactKey: Guid(9543ecd706954114b9227b9877adad08) Importer(815301076,1909f56bfc062723c751e8b465ee728b)
Start importing Assets/GoHomeDesignDocument.cs using Guid(9543ecd706954114b9227b9877adad08) Importer(815301076,1909f56bfc062723c751e8b465ee728b)  -> (artifact id: 'ce952a1b805f8d12404fafb344c18f5b') in 0.009235 seconds 
  Import took 0.014886 seconds .

========================================================================
Received Import Request.
  Time since last request: 124.055627 seconds.
  path: Assets/GoHomeDesignDocument.cs
  artifactKey: Guid(9543ecd706954114b9227b9877adad08) Importer(815301076,1909f56bfc062723c751e8b465ee728b)
Start importing Assets/GoHomeDesignDocument.cs using Guid(9543ecd706954114b9227b9877adad08) Importer(815301076,1909f56bfc062723c751e8b465ee728b)  -> (artifact id: 'd54c6810f40f5ce4f97fb0d98a110b05') in 0.009999 seconds 
  Import took 0.014889 seconds .

========================================================================
Received Prepare
Registering precompiled user dll's ...
Registered in 0.058999 seconds.
Begin MonoManager ReloadAssembly
Native extension for WindowsStandalone target not found
Refreshing native plugins compatible for Editor in 0.61 ms, found 2 plugins.
Preloading 0 native plugins for Editor in 0.00 ms.
Mono: successfully reloaded assembly
- Completed reload, in  1.550 seconds
Domain Reload Profiling:
	ReloadAssembly (1551ms)
		BeginReloadAssembly (187ms)
			ExecutionOrderSort (0ms)
			DisableScriptedObjects (4ms)
			BackupInstance (0ms)
			ReleaseScriptingObjects (0ms)
			CreateAndSetChildDomain (48ms)
		EndReloadAssembly (1265ms)
			LoadAssemblies (179ms)
			RebuildTransferFunctionScriptingTraits (0ms)
			SetupTypeCache (470ms)
			ReleaseScriptCaches (1ms)
			RebuildScriptCaches (52ms)
			SetupLoadedEditorAssemblies (426ms)
				LogAssemblyErrors (0ms)
				InitializePlatformSupportModulesInManaged (8ms)
				SetLoadedEditorAssemblies (1ms)
				RefreshPlugins (1ms)
				BeforeProcessingInitializeOnLoad (131ms)
				ProcessInitializeOnLoadAttributes (266ms)
				ProcessInitializeOnLoadMethodAttributes (11ms)
				AfterProcessingInitializeOnLoad (8ms)
				EditorAssembliesLoaded (1ms)
			ExecutionOrderSort2 (0ms)
			AwakeInstancesAfterBackupRestoration (11ms)
Platform modules already initialized, skipping
Refreshing native plugins compatible for Editor in 0.31 ms, found 2 plugins.
Preloading 0 native plugins for Editor in 0.00 ms.
Unloading 1498 Unused Serialized files (Serialized files now loaded: 0)
System memory in use before: 67.4 MB.
System memory in use after: 67.5 MB.

Unloading 14 unused Assets to reduce memory usage. Loaded Objects now: 1938.
Total: 2.486700 ms (FindLiveObjects: 0.102100 ms CreateObjectMapping: 0.024500 ms MarkObjects: 2.322700 ms  DeleteObjects: 0.036400 ms)

AssetImportParameters requested are different than current active one (requested -> active):
  custom:framework-win-MediaFoundation: 216162199b28c13a410421893ffa2e32 -> 
  custom:video-decoder-ogg-theora: a1e56fd34408186e4bbccfd4996cb3dc -> 
  custom:container-muxer-webm: aa71ff27fc2769a1b78a27578f13a17b -> 
  custom:container-demuxer-webm: 4f35f7cbe854078d1ac9338744f61a02 -> 
  custom:container-demuxer-ogg: 62fdf1f143b41e24485cea50d1cbac27 -> 
  custom:video-encoder-webm-vp8: eb34c28f22e8b96e1ab97ce403110664 -> 
  custom:video-codec-MediaFoundation-h265: 746d11721c4dcdbdad8f713fa42b33f4 -> 
  custom:video-decoder-webm-vp8: 9c59270c3fd7afecdb556c50c9e8de78 -> 
  custom:audio-decoder-ogg-vorbis: bf7c407c2cedff20999df2af8eb42d56 -> 
  custom:audio-encoder-webm-vorbis: bf7c407c2cedff20999df2af8eb42d56 -> 
========================================================================
Received Prepare
Registering precompiled user dll's ...
Registered in 0.009447 seconds.
Begin MonoManager ReloadAssembly
Native extension for WindowsStandalone target not found
Refreshing native plugins compatible for Editor in 0.58 ms, found 2 plugins.
Preloading 0 native plugins for Editor in 0.00 ms.
Mono: successfully reloaded assembly
- Completed reload, in  1.254 seconds
Domain Reload Profiling:
	ReloadAssembly (1255ms)
		BeginReloadAssembly (167ms)
			ExecutionOrderSort (0ms)
			DisableScriptedObjects (6ms)
			BackupInstance (0ms)
			ReleaseScriptingObjects (0ms)
			CreateAndSetChildDomain (42ms)
		EndReloadAssembly (1010ms)
			LoadAssemblies (143ms)
			RebuildTransferFunctionScriptingTraits (0ms)
			SetupTypeCache (392ms)
			ReleaseScriptCaches (1ms)
			RebuildScriptCaches (60ms)
			SetupLoadedEditorAssemblies (326ms)
				LogAssemblyErrors (0ms)
				InitializePlatformSupportModulesInManaged (9ms)
				SetLoadedEditorAssemblies (1ms)
				RefreshPlugins (1ms)
				BeforeProcessingInitializeOnLoad (100ms)
				ProcessInitializeOnLoadAttributes (198ms)
				ProcessInitializeOnLoadMethodAttributes (10ms)
				AfterProcessingInitializeOnLoad (7ms)
				EditorAssembliesLoaded (0ms)
			ExecutionOrderSort2 (0ms)
			AwakeInstancesAfterBackupRestoration (7ms)
Platform modules already initialized, skipping
Refreshing native plugins compatible for Editor in 0.29 ms, found 2 plugins.
Preloading 0 native plugins for Editor in 0.00 ms.
Unloading 1498 Unused Serialized files (Serialized files now loaded: 0)
System memory in use before: 67.4 MB.
System memory in use after: 67.5 MB.

Unloading 14 unused Assets to reduce memory usage. Loaded Objects now: 1940.
Total: 2.562400 ms (FindLiveObjects: 0.108500 ms CreateObjectMapping: 0.027400 ms MarkObjects: 2.404900 ms  DeleteObjects: 0.020000 ms)

AssetImportParameters requested are different than current active one (requested -> active):
  custom:framework-win-MediaFoundation: 216162199b28c13a410421893ffa2e32 -> 
  custom:video-decoder-ogg-theora: a1e56fd34408186e4bbccfd4996cb3dc -> 
  custom:container-muxer-webm: aa71ff27fc2769a1b78a27578f13a17b -> 
  custom:container-demuxer-webm: 4f35f7cbe854078d1ac9338744f61a02 -> 
  custom:container-demuxer-ogg: 62fdf1f143b41e24485cea50d1cbac27 -> 
  custom:video-encoder-webm-vp8: eb34c28f22e8b96e1ab97ce403110664 -> 
  custom:video-codec-MediaFoundation-h265: 746d11721c4dcdbdad8f713fa42b33f4 -> 
  custom:video-decoder-webm-vp8: 9c59270c3fd7afecdb556c50c9e8de78 -> 
  custom:audio-decoder-ogg-vorbis: bf7c407c2cedff20999df2af8eb42d56 -> 
  custom:audio-encoder-webm-vorbis: bf7c407c2cedff20999df2af8eb42d56 -> 
AssetImportWorkerClient::OnTransportError - code=2 error=End of file
